#
# A fatal error has been detected by the Java Runtime Environment:
#
#  EXCEPTION_ACCESS_VIOLATION (0xc0000005) at pc=0x00007fff08ee6407, pid=7832, tid=5724
#
# JRE version: Java(TM) SE Runtime Environment (20.0.1+9) (build 20.0.1+9-29)
# Java VM: Java HotSpot(TM) 64-Bit Server VM (20.0.1+9-29, mixed mode, sharing, tiered, compressed oops, compressed class ptrs, g1 gc, windows-amd64)
# Problematic frame:
# C  [glass.dll+0x26407]
#
# No core dump will be written. Minidumps are not enabled by default on client versions of Windows
#
# If you would like to submit a bug report, please visit:
#   https://bugreport.java.com/bugreport/crash.jsp
#

---------------  S U M M A R Y ------------

Command Line: -javaagent:C:\Program Files\JetBrains\IntelliJ IDEA 2023.1.2\lib\idea_rt.jar=51269:C:\Program Files\JetBrains\IntelliJ IDEA 2023.1.2\bin -Dfile.encoding=UTF-8 -Dsun.stdout.encoding=UTF-8 -Dsun.stderr.encoding=UTF-8 --module-path=C:\Users\Danil\.m2\repository\org\openjfx\javafx-controls\20\javafx-controls-20-win.jar;C:\Users\Danil\.m2\repository\org\openjfx\javafx-base\20\javafx-base-20-win.jar;C:\Users\Danil\IdeaProjects\Java_OOp_kursova\target\classes;C:\Users\Danil\.m2\repository\org\openjfx\javafx-fxml\20\javafx-fxml-20-win.jar;C:\Users\Danil\.m2\repository\org\openjfx\javafx-graphics\20\javafx-graphics-20-win.jar -Djdk.module.main=com.example.java_oop_kursova com.example.java_oop_kursova/com.example.java_oop_kursova.HelloApplication

Host: AMD Ryzen 3 4300U with Radeon Graphics         , 4 cores, 7G,  Windows 10 , 64 bit Build 19041 (10.0.19041.2913)
Time: Sun May 28 17:39:07 2023  Windows 10 , 64 bit Build 19041 (10.0.19041.2913) elapsed time: 42.308372 seconds (0d 0h 0m 42s)

---------------  T H R E A D  ---------------

Current thread (0x0000022725b2ae80):  VMThread "VM Thread" [stack: 0x0000003a61900000,0x0000003a61a00000] [id=5724]

Stack: [0x0000003a61900000,0x0000003a61a00000],  sp=0x0000003a619ff2f0,  free space=1020k
Native frames: (J=compiled Java code, j=interpreted, Vv=VM code, C=native code)
C  [glass.dll+0x26407]


siginfo: EXCEPTION_ACCESS_VIOLATION (0xc0000005), reading address 0x0000000000000000


Registers:
RAX=0x0000000000000000, RBX=0x0000022725b33c70, RCX=0x0000022725b2ae80, RDX=0x0000003a619ff2f0
RSP=0x0000003a619ff2f0, RBP=0x0000022725b3a738, RSI=0x0000022725b3a710, RDI=0x00005d367d069282
R8 =0x0000000000010002, R9 =0x00005d367d069282, R10=0x0000000000008000, R11=0x0000003a619ff280
R12=0x00007fff08ee3d40, R13=0x00007ffecf76ea90, R14=0x0000003a619ff3e8, R15=0x0000022725b3a710
RIP=0x00007fff08ee6407, EFLAGS=0x0000000000010206


Register to memory mapping:

RIP=0x00007fff08ee6407 glass.dll
RAX=0x0 is NULL
RBX=0x0000022725b33c70 is a global jni handle
RCX=0x0000022725b2ae80 points into unknown readable memory: 0x00007ffecf597080 | 80 70 59 cf fe 7f 00 00
RDX=0x0000003a619ff2f0 points into unknown readable memory: 0x0000000000000000 | 00 00 00 00 00 00 00 00
RSP=0x0000003a619ff2f0 points into unknown readable memory: 0x0000000000000000 | 00 00 00 00 00 00 00 00
RBP=0x0000022725b3a738 points into unknown readable memory: 0x00005d367d069282 | 82 92 06 7d 36 5d 00 00
RSI=0x0000022725b3a710 points into unknown readable memory: 0x0001a2ca5ebe73e2 | e2 73 be 5e ca a2 01 00
RDI=0x00005d367d069282 is an unknown value
R8 =0x0000000000010002 is an unknown value
R9 =0x00005d367d069282 is an unknown value
R10=0x0000000000008000 is an unknown value
R11=0x0000003a619ff280 points into unknown readable memory: 0x0000022725b3a710 | 10 a7 b3 25 27 02 00 00
R12=0x00007fff08ee3d40 glass.dll
R13=0x00007ffecf76ea90 jvm.dll
R14=0x0000003a619ff3e8 points into unknown readable memory: 0x0000003a619ff3d0 | d0 f3 9f 61 3a 00 00 00
R15=0x0000022725b3a710 points into unknown readable memory: 0x0001a2ca5ebe73e2 | e2 73 be 5e ca a2 01 00


Top of Stack: (sp=0x0000003a619ff2f0)
0x0000003a619ff2f0:   0000000000000000 0000022725b3a710
0x0000003a619ff300:   00007ffecf76ea90 00007fff08ee3d40
0x0000003a619ff310:   0000022725b3a718 00007fff1ce842d6
0x0000003a619ff320:   00005d367d069282 0000022700000000
0x0000003a619ff330:   0000022725b3a738 0000022725b3a710
0x0000003a619ff340:   fffffffffffffffe 0000000000000000
0x0000003a619ff350:   0000000000000001 00007fff08ec0000
0x0000003a619ff360:   0000003a619ff3d8 00007fff1ce841fb
0x0000003a619ff370:   0000000000000000 0000003a619ff3e8
0x0000003a619ff380:   0000003a619ff6b0 00007fff1cf60e40
0x0000003a619ff390:   0000000000000001 00007fff1ce841b4
0x0000003a619ff3a0:   0000000000000000 0000000000000001
0x0000003a619ff3b0:   0000000000000000 0000003a619ff3d8
0x0000003a619ff3c0:   0000000000000001 00007fff08ee3bcd
0x0000003a619ff3d0:   00007fff08ef9f88 00007fff00000002
0x0000003a619ff3e0:   0000000000000002 0000003a619ff3d0
0x0000003a619ff3f0:   0000000000000000 00007fff1f129993
0x0000003a619ff400:   0000000000000000 00007fff08ee3cf2
0x0000003a619ff410:   0000000000000001 0000000000000000
0x0000003a619ff420:   0000000000000000 0000000000000001
0x0000003a619ff430:   0000000000000000 0000000000000000
0x0000003a619ff440:   0000000000000001 000065551995f2d5
0x0000003a619ff450:   00007fff08ec0000 000000007ffe0384
0x0000003a619ff460:   0000000000000000 00007fff1f129a1d
0x0000003a619ff470:   00007fff08ec0000 0000000000000000
0x0000003a619ff480:   0000000000000001 000000007ffe0385
0x0000003a619ff490:   0000000002360fb8 0000003a619ff6b0
0x0000003a619ff4a0:   0000655500000000 0000000000000014
0x0000003a619ff4b0:   0000000000000000 00007fff08ee3d40
0x0000003a619ff4c0:   00000000000003d8 000002272a5a9a90
0x0000003a619ff4d0:   0000022725b1fe00 00007fff1f16dcec
0x0000003a619ff4e0:   000002272a5a8fc0 00007fff08ec0000 

Instructions: (pc=0x00007fff08ee6407)
0x00007fff08ee6307:   8b 4d 58 e8 7d cf ff ff 48 8b 4d 60 e8 74 cf ff
0x00007fff08ee6317:   ff 48 8b 95 80 00 00 00 48 8b 8d 18 01 00 00 e8
0x00007fff08ee6327:   66 c4 ff ff 33 d2 33 c9 e8 bc e1 ff ff 90 48 89
0x00007fff08ee6337:   54 24 10 55 48 83 ec 20 48 8b ea 48 b8 00 00 00
0x00007fff08ee6347:   00 00 00 00 00 48 83 c4 20 5d c3 cc 40 55 48 8b
0x00007fff08ee6357:   ea 48 8b 01 33 c9 81 38 05 00 00 c0 0f 94 c1 8b
0x00007fff08ee6367:   c1 5d c3 cc 40 55 48 83 ec 20 48 8b ea 8a 4d 40
0x00007fff08ee6377:   48 83 c4 20 5d e9 63 d3 ff ff cc 40 55 48 83 ec
0x00007fff08ee6387:   20 48 8b ea 8a 4d 20 e8 51 d3 ff ff 90 48 83 c4
0x00007fff08ee6397:   20 5d c3 cc 40 55 48 83 ec 20 48 8b ea 48 83 c4
0x00007fff08ee63a7:   20 5d e9 b2 d1 ff ff cc 40 55 48 83 ec 30 48 8b
0x00007fff08ee63b7:   ea 48 8b 01 8b 10 48 89 4c 24 28 89 54 24 20 4c
0x00007fff08ee63c7:   8d 0d 53 d6 ff ff 4c 8b 45 70 8b 55 68 48 8b 4d
0x00007fff08ee63d7:   60 e8 f3 d0 ff ff 90 48 83 c4 30 5d c3 cc cc cc
0x00007fff08ee63e7:   cc cc cc cc cc cc cc cc cc 40 53 48 83 ec 20 48
0x00007fff08ee63f7:   8b 1d 8b 35 01 00 48 85 db 74 16 e8 79 8b ff ff
0x00007fff08ee6407:   4c 8b 00 48 8b d3 48 8b c8 41 ff 90 b0 00 00 00
0x00007fff08ee6417:   90 48 83 c4 20 5b c3 cc cc 40 53 48 83 ec 20 48
0x00007fff08ee6427:   8b 1d fb 36 01 00 48 85 db 74 57 b8 ff ff ff ff
0x00007fff08ee6437:   f0 0f c1 43 10 83 f8 01 75 3d 48 85 db 74 38 48
0x00007fff08ee6447:   8b 0b 48 85 c9 74 0d ff 15 54 0e 00 00 48 c7 03
0x00007fff08ee6457:   00 00 00 00 48 8b 4b 08 48 85 c9 74 0d e8 23 ce
0x00007fff08ee6467:   ff ff 48 c7 43 08 00 00 00 00 ba 18 00 00 00 48
0x00007fff08ee6477:   8b cb e8 0e ce ff ff 48 c7 05 9f 36 01 00 00 00
0x00007fff08ee6487:   00 00 48 83 c4 20 5b c3 cc 40 53 48 83 ec 20 48
0x00007fff08ee6497:   8b 1d 6b 36 01 00 48 85 db 74 57 b8 ff ff ff ff
0x00007fff08ee64a7:   f0 0f c1 43 10 83 f8 01 75 3d 48 85 db 74 38 48
0x00007fff08ee64b7:   8b 0b 48 85 c9 74 0d ff 15 e4 0d 00 00 48 c7 03
0x00007fff08ee64c7:   00 00 00 00 48 8b 4b 08 48 85 c9 74 0d e8 b3 cd
0x00007fff08ee64d7:   ff ff 48 c7 43 08 00 00 00 00 ba 18 00 00 00 48
0x00007fff08ee64e7:   8b cb e8 9e cd ff ff 48 c7 05 0f 36 01 00 00 00
0x00007fff08ee64f7:   00 00 48 83 c4 20 5b c3 cc 40 53 48 83 ec 20 48 


Stack slot to memory mapping:
stack at sp + 0 slots: 0x0 is NULL
stack at sp + 1 slots: 0x0000022725b3a710 points into unknown readable memory: 0x0001a2ca5ebe73e2 | e2 73 be 5e ca a2 01 00
stack at sp + 2 slots: 0x00007ffecf76ea90 jvm.dll
stack at sp + 3 slots: 0x00007fff08ee3d40 glass.dll
stack at sp + 4 slots: 0x0000022725b3a718 points into unknown readable memory: 0x00005d367d069282 | 82 92 06 7d 36 5d 00 00
stack at sp + 5 slots: 0x00007fff1ce842d6 ucrtbase.dll
stack at sp + 6 slots: 0x00005d367d069282 is an unknown value
stack at sp + 7 slots: 0x0000022700000000 is an unknown value

VM_Operation (0x0000003a63cff040): Exit, mode: safepoint, requested by thread 0x000002272a827540


---------------  P R O C E S S  ---------------

Threads class SMR info:
_java_thread_list=0x0000022730784e40, length=20, elements={
0x0000022707dfe2b0, 0x0000022725b4fca0, 0x0000022725b51040, 0x0000022725b54fc0,
0x0000022725b560a0, 0x0000022725b5a1a0, 0x0000022725b5aa20, 0x0000022725b5bb50,
0x0000022729db61a0, 0x000002272a075380, 0x000002272a0758d0, 0x0000022729ea57d0,
0x000002272a6617e0, 0x000002272a6685b0, 0x000002272a821fc0, 0x000002272a84c5c0,
0x000002272a826550, 0x000002272a826aa0, 0x000002272a826ff0, 0x000002272a827540
}

Java Threads: ( => current thread )
  0x0000022707dfe2b0 JavaThread "main" [_thread_blocked, id=13076, stack(0x0000003a61300000,0x0000003a61400000)]
  0x0000022725b4fca0 JavaThread "Reference Handler" daemon [_thread_blocked, id=8640, stack(0x0000003a61a00000,0x0000003a61b00000)]
  0x0000022725b51040 JavaThread "Finalizer" daemon [_thread_blocked, id=10500, stack(0x0000003a61b00000,0x0000003a61c00000)]
  0x0000022725b54fc0 JavaThread "Attach Listener" daemon [_thread_blocked, id=3344, stack(0x0000003a61d00000,0x0000003a61e00000)]
  0x0000022725b560a0 JavaThread "Service Thread" daemon [_thread_blocked, id=2824, stack(0x0000003a61e00000,0x0000003a61f00000)]
  0x0000022725b5a1a0 JavaThread "Monitor Deflation Thread" daemon [_thread_blocked, id=8804, stack(0x0000003a61f00000,0x0000003a62000000)]
  0x0000022725b5aa20 JavaThread "C2 CompilerThread0" daemon [_thread_blocked, id=520, stack(0x0000003a62000000,0x0000003a62100000)]
  0x0000022725b5bb50 JavaThread "C1 CompilerThread0" daemon [_thread_blocked, id=3220, stack(0x0000003a62100000,0x0000003a62200000)]
  0x0000022729db61a0 JavaThread "Common-Cleaner" daemon [_thread_blocked, id=1692, stack(0x0000003a62200000,0x0000003a62300000)]
  0x000002272a075380 JavaThread "Monitor Ctrl-Break" daemon [_thread_in_native, id=11952, stack(0x0000003a62400000,0x0000003a62500000)]
  0x000002272a0758d0 JavaThread "Notification Thread" daemon [_thread_blocked, id=10544, stack(0x0000003a62500000,0x0000003a62600000)]
  0x0000022729ea57d0 JavaThread "QuantumRenderer-0" daemon [_thread_blocked, id=4256, stack(0x0000003a62a00000,0x0000003a62b00000)]
  0x000002272a6617e0 JavaThread "InvokeLaterDispatcher" daemon [_thread_blocked, id=784, stack(0x0000003a62d00000,0x0000003a62e00000)]
  0x000002272a6685b0 JavaThread "JavaFX Application Thread" [_thread_in_native, id=11456, stack(0x0000003a62e00000,0x0000003a62f00000)]
  0x000002272a821fc0 JavaThread "JavaFX-Launcher" [_thread_blocked, id=9864, stack(0x0000003a63600000,0x0000003a63700000)]
  0x000002272a84c5c0 JavaThread "Thread-2" daemon [_thread_in_native, id=7800, stack(0x0000003a63500000,0x0000003a63600000)]
  0x000002272a826550 JavaThread "Prism Font Disposer" daemon [_thread_blocked, id=6340, stack(0x0000003a63800000,0x0000003a63900000)]
  0x000002272a826aa0 JavaThread "Cleaner-0" daemon [_thread_blocked, id=12120, stack(0x0000003a63900000,0x0000003a63a00000)]
  0x000002272a826ff0 JavaThread "mysql-cj-abandoned-connection-cleanup" daemon [_thread_blocked, id=6536, stack(0x0000003a62300000,0x0000003a62400000)]
  0x000002272a827540 JavaThread "SIGINT handler" daemon [_thread_blocked, id=12104, stack(0x0000003a63c00000,0x0000003a63d00000)]

Other Threads:
=>0x0000022725b2ae80 VMThread "VM Thread" [stack: 0x0000003a61900000,0x0000003a61a00000] [id=5724]
  0x0000022707e59ab0 WorkerThread "GC Thread#0" [stack: 0x0000003a61400000,0x0000003a61500000] [id=3552]
  0x0000022725b2a070 WorkerThread "GC Thread#1" [stack: 0x0000003a62700000,0x0000003a62800000] [id=9952]
  0x0000022725b2b420 WorkerThread "GC Thread#2" [stack: 0x0000003a62800000,0x0000003a62900000] [id=12464]
  0x0000022725b2a8e0 WorkerThread "GC Thread#3" [stack: 0x0000003a62900000,0x0000003a62a00000] [id=10876]
  0x0000022707e6a640 ConcurrentGCThread "G1 Main Marker" terminated
  0x0000022707e6b120 WorkerThread "G1 Conc#0" [stack: 0x0000003a61600000,0x0000003a61700000] [id=7308]
  0x00000227259f20b0 ConcurrentGCThread "G1 Refine#0" terminated
  0x00000227259f2a60 ConcurrentGCThread "G1 Service" terminated

Threads with active compile tasks:

VM state: at safepoint (shutting down)

VM Mutex/Monitor currently owned by a thread:  ([mutex/lock_event])
[0x0000022707dfa510] Threads_lock - owner thread: 0x0000022725b2ae80
[0x0000022707df9940] Heap_lock - owner thread: 0x000002272a827540

Heap address: 0x000000008a200000, size: 1886 MB, Compressed Oops mode: 32-bit

CDS archive(s) mapped at: [0x0000000800000000-0x0000000800c60000-0x0000000800c60000), size 12976128, SharedBaseAddress: 0x0000000800000000, ArchiveRelocationMode: 0.
Compressed class space mapped at: 0x0000000801000000-0x0000000841000000, reserved size: 1073741824
Narrow klass base: 0x0000000800000000, Narrow klass shift: 0, Narrow klass range: 0x100000000

GC Precious Log:
 CardTable entry size: 512
 Card Set container configuration: InlinePtr #cards 5 size 8 Array Of Cards #cards 12 size 40 Howl #buckets 4 coarsen threshold 1843 Howl Bitmap #cards 512 size 80 coarsen threshold 460 Card regions per heap region 1 cards per card region 2048
 CPUs: 4 total, 4 available
 Memory: 7543M
 Large Page Support: Disabled
 NUMA Support: Disabled
 Compressed Oops: Enabled (32-bit)
 Heap Region Size: 1M
 Heap Min Capacity: 8M
 Heap Initial Capacity: 118M
 Heap Max Capacity: 1886M
 Pre-touch: Disabled
 Parallel Workers: 4
 Concurrent Workers: 1
 Concurrent Refinement Workers: 4
 Periodic GC: Disabled

Heap:
 garbage-first heap   total 45056K, used 23123K [0x000000008a200000, 0x0000000100000000)
  region size 1024K, 20 young (20480K), 8 survivors (8192K)
 Metaspace       used 24257K, committed 24640K, reserved 1114112K
  class space    used 3212K, committed 3392K, reserved 1048576K

Heap Regions: E=young(eden), S=young(survivor), O=old, HS=humongous(starts), HC=humongous(continues), CS=collection set, F=free, OA=open archive, CA=closed archive, TAMS=top-at-mark-start, PB=parsable bottom
|   0|0x000000008a200000, 0x000000008a300000, 0x000000008a300000|100%| O|  |TAMS 0x000000008a200000| PB 0x000000008a200000| Untracked 
|   1|0x000000008a300000, 0x000000008a3f5e00, 0x000000008a400000| 96%| O|  |TAMS 0x000000008a300000| PB 0x000000008a300000| Untracked 
|   2|0x000000008a400000, 0x000000008a500000, 0x000000008a500000|100%|HS|  |TAMS 0x000000008a400000| PB 0x000000008a400000| Complete 
|   3|0x000000008a500000, 0x000000008a600000, 0x000000008a600000|100%|HC|  |TAMS 0x000000008a500000| PB 0x000000008a500000| Complete 
|   4|0x000000008a600000, 0x000000008a600000, 0x000000008a700000|  0%| F|  |TAMS 0x000000008a600000| PB 0x000000008a600000| Untracked 
|   5|0x000000008a700000, 0x000000008a700000, 0x000000008a800000|  0%| F|  |TAMS 0x000000008a700000| PB 0x000000008a700000| Untracked 
|   6|0x000000008a800000, 0x000000008a800000, 0x000000008a900000|  0%| F|  |TAMS 0x000000008a800000| PB 0x000000008a800000| Untracked 
|   7|0x000000008a900000, 0x000000008a900000, 0x000000008aa00000|  0%| F|  |TAMS 0x000000008a900000| PB 0x000000008a900000| Untracked 
|   8|0x000000008aa00000, 0x000000008aa00000, 0x000000008ab00000|  0%| F|  |TAMS 0x000000008aa00000| PB 0x000000008aa00000| Untracked 
|   9|0x000000008ab00000, 0x000000008ab00000, 0x000000008ac00000|  0%| F|  |TAMS 0x000000008ab00000| PB 0x000000008ab00000| Untracked 
|  10|0x000000008ac00000, 0x000000008ac00000, 0x000000008ad00000|  0%| F|  |TAMS 0x000000008ac00000| PB 0x000000008ac00000| Untracked 
|  11|0x000000008ad00000, 0x000000008ad00000, 0x000000008ae00000|  0%| F|  |TAMS 0x000000008ad00000| PB 0x000000008ad00000| Untracked 
|  12|0x000000008ae00000, 0x000000008ae00000, 0x000000008af00000|  0%| F|  |TAMS 0x000000008ae00000| PB 0x000000008ae00000| Untracked 
|  13|0x000000008af00000, 0x000000008af00000, 0x000000008b000000|  0%| F|  |TAMS 0x000000008af00000| PB 0x000000008af00000| Untracked 
|  14|0x000000008b000000, 0x000000008b000000, 0x000000008b100000|  0%| F|  |TAMS 0x000000008b000000| PB 0x000000008b000000| Untracked 
|  15|0x000000008b100000, 0x000000008b100000, 0x000000008b200000|  0%| F|  |TAMS 0x000000008b100000| PB 0x000000008b100000| Untracked 
|  16|0x000000008b200000, 0x000000008b200000, 0x000000008b300000|  0%| F|  |TAMS 0x000000008b200000| PB 0x000000008b200000| Untracked 
|  17|0x000000008b300000, 0x000000008b300000, 0x000000008b400000|  0%| F|  |TAMS 0x000000008b300000| PB 0x000000008b300000| Untracked 
|  18|0x000000008b400000, 0x000000008b400000, 0x000000008b500000|  0%| F|  |TAMS 0x000000008b400000| PB 0x000000008b400000| Untracked 
|  19|0x000000008b500000, 0x000000008b500000, 0x000000008b600000|  0%| F|  |TAMS 0x000000008b500000| PB 0x000000008b500000| Untracked 
|  20|0x000000008b600000, 0x000000008b600000, 0x000000008b700000|  0%| F|  |TAMS 0x000000008b600000| PB 0x000000008b600000| Untracked 
|  21|0x000000008b700000, 0x000000008b700000, 0x000000008b800000|  0%| F|  |TAMS 0x000000008b700000| PB 0x000000008b700000| Untracked 
|  22|0x000000008b800000, 0x000000008b800000, 0x000000008b900000|  0%| F|  |TAMS 0x000000008b800000| PB 0x000000008b800000| Untracked 
|  23|0x000000008b900000, 0x000000008b900000, 0x000000008ba00000|  0%| F|  |TAMS 0x000000008b900000| PB 0x000000008b900000| Untracked 
|  24|0x000000008ba00000, 0x000000008ba77900, 0x000000008bb00000| 46%| E|  |TAMS 0x000000008ba00000| PB 0x000000008ba00000| Complete 
|  25|0x000000008bb00000, 0x000000008bc00000, 0x000000008bc00000|100%| E|CS|TAMS 0x000000008bb00000| PB 0x000000008bb00000| Complete 
|  26|0x000000008bc00000, 0x000000008bd00000, 0x000000008bd00000|100%| E|CS|TAMS 0x000000008bc00000| PB 0x000000008bc00000| Complete 
|  27|0x000000008bd00000, 0x000000008be00000, 0x000000008be00000|100%| E|CS|TAMS 0x000000008bd00000| PB 0x000000008bd00000| Complete 
|  28|0x000000008be00000, 0x000000008bf00000, 0x000000008bf00000|100%| E|CS|TAMS 0x000000008be00000| PB 0x000000008be00000| Complete 
|  29|0x000000008bf00000, 0x000000008c000000, 0x000000008c000000|100%| E|CS|TAMS 0x000000008bf00000| PB 0x000000008bf00000| Complete 
|  30|0x000000008c000000, 0x000000008c100000, 0x000000008c100000|100%| E|CS|TAMS 0x000000008c000000| PB 0x000000008c000000| Complete 
|  31|0x000000008c100000, 0x000000008c200000, 0x000000008c200000|100%| E|CS|TAMS 0x000000008c100000| PB 0x000000008c100000| Complete 
|  32|0x000000008c200000, 0x000000008c300000, 0x000000008c300000|100%| E|CS|TAMS 0x000000008c200000| PB 0x000000008c200000| Complete 
|  33|0x000000008c300000, 0x000000008c400000, 0x000000008c400000|100%| E|CS|TAMS 0x000000008c300000| PB 0x000000008c300000| Complete 
|  34|0x000000008c400000, 0x000000008c500000, 0x000000008c500000|100%| E|CS|TAMS 0x000000008c400000| PB 0x000000008c400000| Complete 
|  72|0x000000008ea00000, 0x000000008ea9efc0, 0x000000008eb00000| 62%| S|CS|TAMS 0x000000008ea00000| PB 0x000000008ea00000| Complete 
|  73|0x000000008eb00000, 0x000000008ec00000, 0x000000008ec00000|100%| S|CS|TAMS 0x000000008eb00000| PB 0x000000008eb00000| Complete 
|  74|0x000000008ec00000, 0x000000008ed00000, 0x000000008ed00000|100%| S|CS|TAMS 0x000000008ec00000| PB 0x000000008ec00000| Complete 
|  75|0x000000008ed00000, 0x000000008ee00000, 0x000000008ee00000|100%| S|CS|TAMS 0x000000008ed00000| PB 0x000000008ed00000| Complete 
|  76|0x000000008ee00000, 0x000000008ef00000, 0x000000008ef00000|100%| S|CS|TAMS 0x000000008ee00000| PB 0x000000008ee00000| Complete 
|  77|0x000000008ef00000, 0x000000008f000000, 0x000000008f000000|100%| S|CS|TAMS 0x000000008ef00000| PB 0x000000008ef00000| Complete 
|  78|0x000000008f000000, 0x000000008f100000, 0x000000008f100000|100%| S|CS|TAMS 0x000000008f000000| PB 0x000000008f000000| Complete 
|  79|0x000000008f100000, 0x000000008f200000, 0x000000008f200000|100%| S|CS|TAMS 0x000000008f100000| PB 0x000000008f100000| Complete 
| 117|0x0000000091700000, 0x0000000091800000, 0x0000000091800000|100%| E|CS|TAMS 0x0000000091700000| PB 0x0000000091700000| Complete 

Card table byte_map: [0x0000022721070000,0x0000022721420000] _byte_map_base: 0x0000022720c1f000

Marking Bits: (CMBitMap*) 0x0000022707e5b000
 Bits: [0x00000227217d0000, 0x0000022723548000)

Polling page: 0x0000022711670000

Metaspace:

Usage:
  Non-class:     20.55 MB used.
      Class:      3.14 MB used.
       Both:     23.69 MB used.

Virtual space:
  Non-class space:       64.00 MB reserved,      20.75 MB ( 32%) committed,  1 nodes.
      Class space:        1.00 GB reserved,       3.31 MB ( <1%) committed,  1 nodes.
             Both:        1.06 GB reserved,      24.06 MB (  2%) committed. 

Chunk freelists:
   Non-Class:  3.19 MB
       Class:  627.00 KB
        Both:  3.80 MB

MaxMetaspaceSize: unlimited
CompressedClassSpaceSize: 1.00 GB
Initial GC threshold: 21.00 MB
Current GC threshold: 35.31 MB
CDS: on
MetaspaceReclaimPolicy: balanced
 - commit_granule_bytes: 65536.
 - commit_granule_words: 8192.
 - virtual_space_node_default_size: 8388608.
 - enlarge_chunks_in_place: 1.
 - new_chunks_are_fully_committed: 0.
 - uncommit_free_chunks: 1.
 - use_allocation_guard: 0.


Internal statistics:

num_allocs_failed_limit: 3.
num_arena_births: 400.
num_arena_deaths: 0.
num_vsnodes_births: 2.
num_vsnodes_deaths: 0.
num_space_committed: 385.
num_space_uncommitted: 0.
num_chunks_returned_to_freelist: 3.
num_chunks_taken_from_freelist: 1072.
num_chunk_merges: 3.
num_chunk_splits: 734.
num_chunks_enlarged: 532.
num_inconsistent_stats: 0.

CodeHeap 'non-profiled nmethods': size=120000Kb used=1642Kb max_used=1642Kb free=118357Kb
 bounds [0x0000022719160000, 0x00000227193d0000, 0x0000022720690000]
CodeHeap 'profiled nmethods': size=120000Kb used=7339Kb max_used=7339Kb free=112660Kb
 bounds [0x0000022711690000, 0x0000022711dc0000, 0x0000022718bc0000]
CodeHeap 'non-nmethods': size=5760Kb used=1957Kb max_used=2001Kb free=3802Kb
 bounds [0x0000022718bc0000, 0x0000022718e30000, 0x0000022719160000]
 total_blobs=4669 nmethods=3779 adapters=799
 compilation: enabled
              stopped_count=0, restarted_count=0
 full_count=0

Compilation events (20 events):
Event: 13.388 Thread 0x0000022725b5bb50 3770       3       java.util.Spliterator::getExactSizeIfKnown (25 bytes)
Event: 13.388 Thread 0x0000022725b5bb50 nmethod 3770 0x0000022711db6710 code [0x0000022711db68c0, 0x0000022711db6bb0]
Event: 13.540 Thread 0x0000022725b5bb50 3771       3       java.util.stream.AbstractPipeline::sourceSpliterator (265 bytes)
Event: 13.540 Thread 0x0000022725b5bb50 nmethod 3771 0x0000022711db6c90 code [0x0000022711db6ee0, 0x0000022711db7ca8]
Event: 13.540 Thread 0x0000022725b5bb50 3772       3       java.util.stream.AbstractPipeline::wrapAndCopyInto (18 bytes)
Event: 13.540 Thread 0x0000022725b5bb50 nmethod 3772 0x0000022711db8110 code [0x0000022711db82e0, 0x0000022711db86e0]
Event: 13.843 Thread 0x0000022725b5bb50 3773       3       javafx.animation.Animation::getStatus (24 bytes)
Event: 13.844 Thread 0x0000022725b5bb50 nmethod 3773 0x0000022711db8890 code [0x0000022711db8a40, 0x0000022711db8d60]
Event: 14.083 Thread 0x0000022725b5bb50 3774       3       java.util.stream.Sink::end (1 bytes)
Event: 14.083 Thread 0x0000022725b5bb50 nmethod 3774 0x0000022711db8e90 code [0x0000022711db9020, 0x0000022711db9130]
Event: 14.147 Thread 0x0000022725b5bb50 3775       3       java.lang.Class::forName (24 bytes)
Event: 14.147 Thread 0x0000022725b5bb50 nmethod 3775 0x0000022711db9190 code [0x0000022711db9340, 0x0000022711db9540]
Event: 14.147 Thread 0x0000022725b5bb50 3776       3       com.sun.javafx.util.Logging::getInputLogger (18 bytes)
Event: 14.148 Thread 0x0000022725b5bb50 nmethod 3776 0x0000022711db9690 code [0x0000022711db9820, 0x0000022711db99e8]
Event: 14.228 Thread 0x0000022725b5bb50 3777       3       java.util.stream.AbstractPipeline::evaluate (94 bytes)
Event: 14.228 Thread 0x0000022725b5bb50 nmethod 3777 0x0000022711db9a90 code [0x0000022711db9ca0, 0x0000022711dba338]
Event: 14.371 Thread 0x0000022725b5aa20 3778       4       java.util.stream.ReduceOps$3ReducingSink::accept (15 bytes)
Event: 14.372 Thread 0x0000022725b5aa20 nmethod 3778 0x00000227192fa410 code [0x00000227192fa5a0, 0x00000227192fa710]
Event: 15.382 Thread 0x0000022725b5bb50 3779       3       com.sun.javafx.css.BitSet::contains (63 bytes)
Event: 15.382 Thread 0x0000022725b5bb50 nmethod 3779 0x0000022711dba590 code [0x0000022711dba760, 0x0000022711dbac48]

GC Heap History (6 events):
Event: 0.427 GC heap before
{Heap before GC invocations=0 (full 0):
 garbage-first heap   total 120832K, used 12288K [0x000000008a200000, 0x0000000100000000)
  region size 1024K, 13 young (13312K), 0 survivors (0K)
 Metaspace       used 2612K, committed 2816K, reserved 1114112K
  class space    used 276K, committed 384K, reserved 1048576K
}
Event: 0.430 GC heap after
{Heap after GC invocations=1 (full 0):
 garbage-first heap   total 120832K, used 2024K [0x000000008a200000, 0x0000000100000000)
  region size 1024K, 2 young (2048K), 2 survivors (2048K)
 Metaspace       used 2612K, committed 2816K, reserved 1114112K
  class space    used 276K, committed 384K, reserved 1048576K
}
Event: 0.788 GC heap before
{Heap before GC invocations=1 (full 0):
 garbage-first heap   total 120832K, used 18408K [0x000000008a200000, 0x0000000100000000)
  region size 1024K, 19 young (19456K), 2 survivors (2048K)
 Metaspace       used 8456K, committed 8768K, reserved 1114112K
  class space    used 1092K, committed 1280K, reserved 1048576K
}
Event: 0.792 GC heap after
{Heap after GC invocations=2 (full 0):
 garbage-first heap   total 120832K, used 4905K [0x000000008a200000, 0x0000000100000000)
  region size 1024K, 3 young (3072K), 3 survivors (3072K)
 Metaspace       used 8456K, committed 8768K, reserved 1114112K
  class space    used 1092K, committed 1280K, reserved 1048576K
}
Event: 4.320 GC heap before
{Heap before GC invocations=2 (full 0):
 garbage-first heap   total 120832K, used 40745K [0x000000008a200000, 0x0000000100000000)
  region size 1024K, 38 young (38912K), 3 survivors (3072K)
 Metaspace       used 21228K, committed 21504K, reserved 1114112K
  class space    used 2937K, committed 3072K, reserved 1048576K
}
Event: 4.325 GC heap after
{Heap after GC invocations=3 (full 0):
 garbage-first heap   total 120832K, used 11859K [0x000000008a200000, 0x0000000100000000)
  region size 1024K, 8 young (8192K), 8 survivors (8192K)
 Metaspace       used 21228K, committed 21504K, reserved 1114112K
  class space    used 2937K, committed 3072K, reserved 1048576K
}

Dll operation events (20 events):
Event: 0.352 Loaded shared library C:\Users\Danil\.openjfx\cache\20+19\amd64\api-ms-win-crt-math-l1-1-0.dll
Event: 0.355 Loaded shared library C:\Users\Danil\.openjfx\cache\20+19\amd64\api-ms-win-crt-multibyte-l1-1-0.dll
Event: 0.359 Loaded shared library C:\Users\Danil\.openjfx\cache\20+19\amd64\api-ms-win-crt-private-l1-1-0.dll
Event: 0.363 Loaded shared library C:\Users\Danil\.openjfx\cache\20+19\amd64\api-ms-win-crt-process-l1-1-0.dll
Event: 0.366 Loaded shared library C:\Users\Danil\.openjfx\cache\20+19\amd64\api-ms-win-crt-runtime-l1-1-0.dll
Event: 0.369 Loaded shared library C:\Users\Danil\.openjfx\cache\20+19\amd64\api-ms-win-crt-stdio-l1-1-0.dll
Event: 0.373 Loaded shared library C:\Users\Danil\.openjfx\cache\20+19\amd64\api-ms-win-crt-string-l1-1-0.dll
Event: 0.376 Loaded shared library C:\Users\Danil\.openjfx\cache\20+19\amd64\api-ms-win-crt-time-l1-1-0.dll
Event: 0.379 Loaded shared library C:\Users\Danil\.openjfx\cache\20+19\amd64\api-ms-win-crt-utility-l1-1-0.dll
Event: 0.392 Loaded shared library C:\Users\Danil\.openjfx\cache\20+19\amd64\ucrtbase.dll
Event: 0.396 Loaded shared library C:\Users\Danil\.openjfx\cache\20+19\amd64\vcruntime140.dll
Event: 0.400 Loaded shared library C:\Users\Danil\.openjfx\cache\20+19\amd64\vcruntime140_1.dll
Event: 0.408 Loaded shared library C:\Users\Danil\.openjfx\cache\20+19\amd64\msvcp140.dll
Event: 0.411 Loaded shared library C:\Users\Danil\.openjfx\cache\20+19\amd64\msvcp140_1.dll
Event: 0.417 Loaded shared library C:\Users\Danil\.openjfx\cache\20+19\amd64\msvcp140_2.dll
Event: 0.462 Loaded shared library C:\Users\Danil\.openjfx\cache\20+19\amd64\prism_d3d.dll
Event: 0.500 Loaded shared library C:\Users\Danil\.openjfx\cache\20+19\amd64\glass.dll
Event: 0.606 Loaded shared library C:\Program Files\Java\jdk-20\bin\jimage.dll
Event: 0.766 Loaded shared library C:\Users\Danil\.openjfx\cache\20+19\amd64\javafx_font.dll
Event: 4.170 Loaded shared library C:\Program Files\Java\jdk-20\bin\sunmscapi.dll

Deoptimization events (20 events):
Event: 4.568 Thread 0x000002272a6685b0 Uncommon trap: trap_request=0xffffff45 fr.pc=0x000002271917e418 relative=0x0000000000000218
Event: 4.568 Thread 0x000002272a6685b0 Uncommon trap: reason=unstable_if action=reinterpret pc=0x000002271917e418 method=java.util.HashMap.hash(Ljava/lang/Object;)I @ 1 c2
Event: 4.568 Thread 0x000002272a6685b0 DEOPT PACKING pc=0x000002271917e418 sp=0x0000003a62efc490
Event: 4.568 Thread 0x000002272a6685b0 DEOPT UNPACKING pc=0x0000022718c29d22 sp=0x0000003a62efc428 mode 2
Event: 5.149 Thread 0x0000022729ea57d0 DEOPT PACKING pc=0x0000022711a250ba sp=0x0000003a62afdd70
Event: 5.149 Thread 0x0000022729ea57d0 DEOPT UNPACKING pc=0x0000022718c2a4c2 sp=0x0000003a62afd1d8 mode 0
Event: 5.547 Thread 0x0000022729ea57d0 DEOPT PACKING pc=0x00000227119fd5b2 sp=0x0000003a62afda90
Event: 5.547 Thread 0x0000022729ea57d0 DEOPT UNPACKING pc=0x0000022718c2a4c2 sp=0x0000003a62afcf20 mode 0
Event: 5.551 Thread 0x0000022729ea57d0 DEOPT PACKING pc=0x00000227119fd5b2 sp=0x0000003a62afda90
Event: 5.551 Thread 0x0000022729ea57d0 DEOPT UNPACKING pc=0x0000022718c2a4c2 sp=0x0000003a62afcf20 mode 0
Event: 9.691 Thread 0x0000022729ea57d0 DEOPT PACKING pc=0x0000022711c0f3d0 sp=0x0000003a62afdc30
Event: 9.691 Thread 0x0000022729ea57d0 DEOPT UNPACKING pc=0x0000022718c2a4c2 sp=0x0000003a62afd080 mode 0
Event: 11.835 Thread 0x000002272a6685b0 DEOPT PACKING pc=0x0000022711b0ce30 sp=0x0000003a62ef9880
Event: 11.835 Thread 0x000002272a6685b0 DEOPT UNPACKING pc=0x0000022718c2a4c2 sp=0x0000003a62ef8cb0 mode 0
Event: 11.839 Thread 0x000002272a6685b0 DEOPT PACKING pc=0x0000022711b0ce30 sp=0x0000003a62ef9970
Event: 11.839 Thread 0x000002272a6685b0 DEOPT UNPACKING pc=0x0000022718c2a4c2 sp=0x0000003a62ef8da0 mode 0
Event: 11.840 Thread 0x000002272a6685b0 DEOPT PACKING pc=0x0000022711b0ce63 sp=0x0000003a62ef9590
Event: 11.840 Thread 0x000002272a6685b0 DEOPT UNPACKING pc=0x0000022718c2a4c2 sp=0x0000003a62ef89c0 mode 0
Event: 11.842 Thread 0x000002272a6685b0 DEOPT PACKING pc=0x0000022711b0ce30 sp=0x0000003a62ef9780
Event: 11.842 Thread 0x000002272a6685b0 DEOPT UNPACKING pc=0x0000022718c2a4c2 sp=0x0000003a62ef8bb0 mode 0

Classes loaded (20 events):
Event: 4.443 Loading class javax/security/auth/callback/Callback
Event: 4.443 Loading class javax/security/auth/callback/Callback done
Event: 4.443 Loading class sun/invoke/util/VerifyAccess$1
Event: 4.443 Loading class sun/invoke/util/VerifyAccess$1 done
Event: 4.446 Loading class sun/security/ssl/PostHandshakeContext
Event: 4.447 Loading class sun/security/ssl/PostHandshakeContext done
Event: 4.447 Loading class sun/security/ssl/NewSessionTicket$T13NewSessionTicketMessage
Event: 4.447 Loading class sun/security/ssl/NewSessionTicket$NewSessionTicketMessage
Event: 4.447 Loading class sun/security/ssl/NewSessionTicket$NewSessionTicketMessage done
Event: 4.447 Loading class sun/security/ssl/NewSessionTicket$T13NewSessionTicketMessage done
Event: 4.472 Loading class java/util/TimerTask
Event: 4.472 Loading class java/util/TimerTask done
Event: 4.499 Loading class java/time/format/DateTimeParseException
Event: 4.499 Loading class java/time/DateTimeException
Event: 4.499 Loading class java/time/DateTimeException done
Event: 4.499 Loading class java/time/format/DateTimeParseException done
Event: 4.554 Loading class java/io/SequenceInputStream
Event: 4.554 Loading class java/io/SequenceInputStream done
Event: 41.969 Loading class jdk/internal/misc/Signal$1
Event: 41.969 Loading class jdk/internal/misc/Signal$1 done

Classes unloaded (0 events):
No events

Classes redefined (0 events):
No events

Internal exceptions (20 events):
Event: 4.199 Thread 0x000002272a6685b0 Exception <a 'sun/nio/fs/WindowsException'{0x000000008f343c78}> (0x000000008f343c78) 
thrown [s\open\src\hotspot\share\prims\jni.cpp, line 519]
Event: 4.205 Thread 0x000002272a6685b0 Exception <a 'sun/nio/fs/WindowsException'{0x000000008f358bd0}> (0x000000008f358bd0) 
thrown [s\open\src\hotspot\share\prims\jni.cpp, line 519]
Event: 4.234 Thread 0x000002272a6685b0 Exception <a 'java/lang/NoSuchMethodError'{0x000000008f3fd210}: 'java.lang.Object java.lang.invoke.DirectMethodHandle$Holder.invokeStaticInit(java.lang.Object, int, int, int, int)'> (0x000000008f3fd210) 
thrown [s\open\src\hotspot\share\interpreter\linkResolver.cpp, line 773]
Event: 4.251 Thread 0x000002272a6685b0 Exception <a 'java/lang/NoSuchMethodError'{0x000000008f231988}: 'java.lang.Object java.lang.invoke.DirectMethodHandle$Holder.invokeStaticInit(java.lang.Object, java.lang.Object, int, int, int, int)'> (0x000000008f231988) 
thrown [s\open\src\hotspot\share\interpreter\linkResolver.cpp, line 773]
Event: 4.557 Thread 0x000002272a6685b0 Exception <a 'java/io/FileNotFoundException'{0x000000008c01b408}> (0x000000008c01b408) 
thrown [s\open\src\hotspot\share\prims\jni.cpp, line 519]
Event: 4.561 Thread 0x000002272a6685b0 Exception <a 'java/io/FileNotFoundException'{0x000000008c035428}> (0x000000008c035428) 
thrown [s\open\src\hotspot\share\prims\jni.cpp, line 519]
Event: 4.562 Thread 0x000002272a6685b0 Exception <a 'java/io/FileNotFoundException'{0x000000008c03a648}> (0x000000008c03a648) 
thrown [s\open\src\hotspot\share\prims\jni.cpp, line 519]
Event: 4.568 Thread 0x000002272a6685b0 Implicit null exception at 0x000002271917e21a to 0x000002271917e408
Event: 5.609 Thread 0x000002272a6685b0 Exception <a 'java/io/FileNotFoundException'{0x000000008bf4e888}> (0x000000008bf4e888) 
thrown [s\open\src\hotspot\share\prims\jni.cpp, line 519]
Event: 5.610 Thread 0x000002272a6685b0 Exception <a 'java/io/FileNotFoundException'{0x000000008bf54488}> (0x000000008bf54488) 
thrown [s\open\src\hotspot\share\prims\jni.cpp, line 519]
Event: 5.610 Thread 0x000002272a6685b0 Exception <a 'java/io/FileNotFoundException'{0x000000008bf59f08}> (0x000000008bf59f08) 
thrown [s\open\src\hotspot\share\prims\jni.cpp, line 519]
Event: 10.588 Thread 0x000002272a6685b0 Exception <a 'java/lang/NoSuchMethodError'{0x000000008bd30b38}: 'java.lang.Object java.lang.invoke.DirectMethodHandle$Holder.newInvokeSpecial(java.lang.Object, java.lang.Object, int, int, int, int, int, java.lang.Object)'> (0x000000008bd30b38) 
thrown [s\open\src\hotspot\share\interpreter\linkResolver.cpp, line 773]
Event: 10.589 Thread 0x000002272a6685b0 Exception <a 'java/lang/NoSuchMethodError'{0x000000008bd435d8}: 'java.lang.Object java.lang.invoke.DirectMethodHandle$Holder.newInvokeSpecial(java.lang.Object, java.lang.Object, java.lang.Object, int, int, int, int, int)'> (0x000000008bd435d8) 
thrown [s\open\src\hotspot\share\interpreter\linkResolver.cpp, line 773]
Event: 10.590 Thread 0x000002272a6685b0 Exception <a 'java/lang/NoSuchMethodError'{0x000000008bd4ae78}: 'java.lang.Object java.lang.invoke.Invokers$Holder.linkToTargetMethod(java.lang.Object, java.lang.Object, int, int, int, int, int, java.lang.Object)'> (0x000000008bd4ae78) 
thrown [s\open\src\hotspot\share\interpreter\linkResolver.cpp, line 773]
Event: 11.877 Thread 0x000002272a6685b0 Exception <a 'java/io/FileNotFoundException'{0x000000008bc74908}> (0x000000008bc74908) 
thrown [s\open\src\hotspot\share\prims\jni.cpp, line 519]
Event: 11.878 Thread 0x000002272a6685b0 Exception <a 'java/io/FileNotFoundException'{0x000000008bc7a258}> (0x000000008bc7a258) 
thrown [s\open\src\hotspot\share\prims\jni.cpp, line 519]
Event: 11.879 Thread 0x000002272a6685b0 Exception <a 'java/io/FileNotFoundException'{0x000000008bc7fc88}> (0x000000008bc7fc88) 
thrown [s\open\src\hotspot\share\prims\jni.cpp, line 519]
Event: 12.695 Thread 0x000002272a6685b0 Exception <a 'java/io/FileNotFoundException'{0x000000008bb10800}> (0x000000008bb10800) 
thrown [s\open\src\hotspot\share\prims\jni.cpp, line 519]
Event: 12.696 Thread 0x000002272a6685b0 Exception <a 'java/io/FileNotFoundException'{0x000000008bb16c10}> (0x000000008bb16c10) 
thrown [s\open\src\hotspot\share\prims\jni.cpp, line 519]
Event: 12.697 Thread 0x000002272a6685b0 Exception <a 'java/io/FileNotFoundException'{0x000000008bb1cea0}> (0x000000008bb1cea0) 
thrown [s\open\src\hotspot\share\prims\jni.cpp, line 519]

VM Operations (20 events):
Event: 4.336 Executing VM operation: G1PauseCleanup done
Event: 4.415 Executing VM operation: HandshakeAllThreads
Event: 4.415 Executing VM operation: HandshakeAllThreads done
Event: 5.415 Executing VM operation: Cleanup
Event: 5.415 Executing VM operation: Cleanup done
Event: 6.416 Executing VM operation: Cleanup
Event: 6.416 Executing VM operation: Cleanup done
Event: 7.416 Executing VM operation: Cleanup
Event: 7.416 Executing VM operation: Cleanup done
Event: 8.417 Executing VM operation: Cleanup
Event: 8.417 Executing VM operation: Cleanup done
Event: 9.417 Executing VM operation: Cleanup
Event: 9.417 Executing VM operation: Cleanup done
Event: 10.417 Executing VM operation: Cleanup
Event: 10.418 Executing VM operation: Cleanup done
Event: 12.418 Executing VM operation: Cleanup
Event: 12.418 Executing VM operation: Cleanup done
Event: 14.418 Executing VM operation: Cleanup
Event: 14.418 Executing VM operation: Cleanup done
Event: 41.971 Executing VM operation: Exit

Events (20 events):
Event: 0.149 Thread 0x000002272a0758d0 Thread added: 0x000002272a0758d0
Event: 0.453 Thread 0x0000022729ea57d0 Thread added: 0x0000022729ea57d0
Event: 0.502 Thread 0x000002272a6617e0 Thread added: 0x000002272a6617e0
Event: 0.505 Thread 0x000002272a6685b0 Thread added: 0x000002272a6685b0
Event: 0.583 Thread 0x000002272a821fc0 Thread added: 0x000002272a821fc0
Event: 0.584 Thread 0x000002272a84c5c0 Thread added: 0x000002272a84c5c0
Event: 1.059 Thread 0x000002272a826550 Thread added: 0x000002272a826550
Event: 1.246 Thread 0x000002272a826aa0 Thread added: 0x000002272a826aa0
Event: 1.563 Thread 0x0000022729e4d860 Thread exited: 0x0000022729e4d860
Event: 4.014 Thread 0x000002272a826ff0 Thread added: 0x000002272a826ff0
Event: 4.041 Thread 0x00000227308ecd10 Thread added: 0x00000227308ecd10
Event: 4.851 Thread 0x00000227308ecd10 Thread exited: 0x00000227308ecd10
Event: 11.833 Thread 0x0000022729f027b0 Thread added: 0x0000022729f027b0
Event: 12.259 Thread 0x0000022729f027b0 Thread exited: 0x0000022729f027b0
Event: 41.970 Thread 0x000002272a827540 Thread added: 0x000002272a827540
Event: 41.970 Thread 0x000002272a827a90 Thread added: 0x000002272a827a90
Event: 41.970 Thread 0x000002272a824570 Thread added: 0x000002272a824570
Event: 41.970 Thread 0x000002272a827a90 Thread exited: 0x000002272a827a90
Event: 41.971 Thread 0x000002272a824570 Thread exited: 0x000002272a824570
Event: 41.971 Thread 0x0000022725b53670 Thread exited: 0x0000022725b53670


Dynamic libraries:
0x00007ff664ec0000 - 0x00007ff664ed0000 	C:\Program Files\Java\jdk-20\bin\java.exe
0x00007fff1f110000 - 0x00007fff1f308000 	C:\WINDOWS\SYSTEM32\ntdll.dll
0x00007fff1d2a0000 - 0x00007fff1d35f000 	C:\WINDOWS\System32\KERNEL32.DLL
0x00007fff1cac0000 - 0x00007fff1cdb6000 	C:\WINDOWS\System32\KERNELBASE.dll
0x00007fff1ce70000 - 0x00007fff1cf70000 	C:\WINDOWS\System32\ucrtbase.dll
0x00007fff0f610000 - 0x00007fff0f62b000 	C:\Program Files\Java\jdk-20\bin\VCRUNTIME140.dll
0x00007fff0c720000 - 0x00007fff0c739000 	C:\Program Files\Java\jdk-20\bin\jli.dll
0x00007fff1d1f0000 - 0x00007fff1d29f000 	C:\WINDOWS\System32\ADVAPI32.dll
0x00007fff1e470000 - 0x00007fff1e50e000 	C:\WINDOWS\System32\msvcrt.dll
0x00007fff1e3d0000 - 0x00007fff1e46c000 	C:\WINDOWS\System32\sechost.dll
0x00007fff1d360000 - 0x00007fff1d486000 	C:\WINDOWS\System32\RPCRT4.dll
0x00007fff1ec60000 - 0x00007fff1edfd000 	C:\WINDOWS\System32\USER32.dll
0x00007fff0e230000 - 0x00007fff0e4ca000 	C:\WINDOWS\WinSxS\amd64_microsoft.windows.common-controls_6595b64144ccf1df_6.0.19041.1110_none_60b5254171f9507e\COMCTL32.dll
0x00007fff1d030000 - 0x00007fff1d052000 	C:\WINDOWS\System32\win32u.dll
0x00007fff1e9e0000 - 0x00007fff1ea0c000 	C:\WINDOWS\System32\GDI32.dll
0x00007fff1c7f0000 - 0x00007fff1c905000 	C:\WINDOWS\System32\gdi32full.dll
0x00007fff1d0d0000 - 0x00007fff1d16d000 	C:\WINDOWS\System32\msvcp_win.dll
0x00007fff13310000 - 0x00007fff1331a000 	C:\WINDOWS\SYSTEM32\VERSION.dll
0x00007fff1d640000 - 0x00007fff1d670000 	C:\WINDOWS\System32\IMM32.DLL
0x00007fff0c710000 - 0x00007fff0c71c000 	C:\Program Files\Java\jdk-20\bin\vcruntime140_1.dll
0x00007fff08500000 - 0x00007fff0858e000 	C:\Program Files\Java\jdk-20\bin\msvcp140.dll
0x00007ffeceb80000 - 0x00007ffecf817000 	C:\Program Files\Java\jdk-20\bin\server\jvm.dll
0x00007fff182d0000 - 0x00007fff182d9000 	C:\WINDOWS\SYSTEM32\WSOCK32.dll
0x00007fff1f000000 - 0x00007fff1f06b000 	C:\WINDOWS\System32\WS2_32.dll
0x00007fff132e0000 - 0x00007fff13307000 	C:\WINDOWS\SYSTEM32\WINMM.dll
0x00007fff1a5d0000 - 0x00007fff1a5e2000 	C:\WINDOWS\SYSTEM32\kernel.appcore.dll
0x00007fff0c6f0000 - 0x00007fff0c6fa000 	C:\Program Files\Java\jdk-20\bin\jimage.dll
0x00007fff13fd0000 - 0x00007fff141b4000 	C:\WINDOWS\SYSTEM32\DBGHELP.DLL
0x00007fff0d3f0000 - 0x00007fff0d424000 	C:\WINDOWS\SYSTEM32\dbgcore.DLL
0x00007fff1cf70000 - 0x00007fff1cff2000 	C:\WINDOWS\System32\bcryptPrimitives.dll
0x00007fff17200000 - 0x00007fff1720e000 	C:\Program Files\Java\jdk-20\bin\instrument.dll
0x00007fff06360000 - 0x00007fff06386000 	C:\Program Files\Java\jdk-20\bin\java.dll
0x00007fff05ad0000 - 0x00007fff05ba7000 	C:\Program Files\Java\jdk-20\bin\jsvml.dll
0x00007fff1dc70000 - 0x00007fff1e3b4000 	C:\WINDOWS\System32\SHELL32.dll
0x00007fff1a8b0000 - 0x00007fff1b043000 	C:\WINDOWS\SYSTEM32\windows.storage.dll
0x00007fff1d7d0000 - 0x00007fff1db24000 	C:\WINDOWS\System32\combase.dll
0x00007fff1c170000 - 0x00007fff1c19e000 	C:\WINDOWS\SYSTEM32\Wldp.dll
0x00007fff1ebb0000 - 0x00007fff1ec5d000 	C:\WINDOWS\System32\SHCORE.dll
0x00007fff1dbf0000 - 0x00007fff1dc45000 	C:\WINDOWS\System32\shlwapi.dll
0x00007fff1c730000 - 0x00007fff1c74f000 	C:\WINDOWS\SYSTEM32\profapi.dll
0x00007fff08f40000 - 0x00007fff08f53000 	C:\Program Files\Java\jdk-20\bin\net.dll
0x00007fff10e30000 - 0x00007fff10f3a000 	C:\WINDOWS\SYSTEM32\WINHTTP.dll
0x00007fff1bed0000 - 0x00007fff1bf3a000 	C:\WINDOWS\system32\mswsock.dll
0x00007fff08e90000 - 0x00007fff08ea6000 	C:\Program Files\Java\jdk-20\bin\nio.dll
0x00007fff08240000 - 0x00007fff08258000 	C:\Program Files\Java\jdk-20\bin\zip.dll
0x00007fff16840000 - 0x00007fff1685a000 	C:\Program Files\JetBrains\IntelliJ IDEA 2023.1.2\bin\breakgen64.dll
0x0000022725bf0000 - 0x0000022725bf3000 	C:\Users\Danil\.openjfx\cache\20+19\amd64\api-ms-win-core-console-l1-1-0.dll
0x000002272a910000 - 0x000002272a913000 	C:\Users\Danil\.openjfx\cache\20+19\amd64\api-ms-win-core-console-l1-2-0.dll
0x000002272a920000 - 0x000002272a923000 	C:\Users\Danil\.openjfx\cache\20+19\amd64\api-ms-win-core-datetime-l1-1-0.dll
0x000002272a930000 - 0x000002272a933000 	C:\Users\Danil\.openjfx\cache\20+19\amd64\api-ms-win-core-debug-l1-1-0.dll
0x000002272a940000 - 0x000002272a943000 	C:\Users\Danil\.openjfx\cache\20+19\amd64\api-ms-win-core-errorhandling-l1-1-0.dll
0x000002272a950000 - 0x000002272a954000 	C:\Users\Danil\.openjfx\cache\20+19\amd64\api-ms-win-core-file-l1-1-0.dll
0x000002272a960000 - 0x000002272a963000 	C:\Users\Danil\.openjfx\cache\20+19\amd64\api-ms-win-core-file-l1-2-0.dll
0x000002272a970000 - 0x000002272a973000 	C:\Users\Danil\.openjfx\cache\20+19\amd64\api-ms-win-core-file-l2-1-0.dll
0x000002272a980000 - 0x000002272a983000 	C:\Users\Danil\.openjfx\cache\20+19\amd64\api-ms-win-core-handle-l1-1-0.dll
0x000002272a990000 - 0x000002272a993000 	C:\Users\Danil\.openjfx\cache\20+19\amd64\api-ms-win-core-heap-l1-1-0.dll
0x000002272a9a0000 - 0x000002272a9a3000 	C:\Users\Danil\.openjfx\cache\20+19\amd64\api-ms-win-core-interlocked-l1-1-0.dll
0x000002272a9b0000 - 0x000002272a9b3000 	C:\Users\Danil\.openjfx\cache\20+19\amd64\api-ms-win-core-libraryloader-l1-1-0.dll
0x000002272a9c0000 - 0x000002272a9c3000 	C:\Users\Danil\.openjfx\cache\20+19\amd64\api-ms-win-core-localization-l1-2-0.dll
0x000002272a9d0000 - 0x000002272a9d3000 	C:\Users\Danil\.openjfx\cache\20+19\amd64\api-ms-win-core-memory-l1-1-0.dll
0x000002272a9e0000 - 0x000002272a9e3000 	C:\Users\Danil\.openjfx\cache\20+19\amd64\api-ms-win-core-namedpipe-l1-1-0.dll
0x000002272a9f0000 - 0x000002272a9f3000 	C:\Users\Danil\.openjfx\cache\20+19\amd64\api-ms-win-core-processenvironment-l1-1-0.dll
0x000002272aa00000 - 0x000002272aa03000 	C:\Users\Danil\.openjfx\cache\20+19\amd64\api-ms-win-core-processthreads-l1-1-0.dll
0x000002272aa10000 - 0x000002272aa13000 	C:\Users\Danil\.openjfx\cache\20+19\amd64\api-ms-win-core-processthreads-l1-1-1.dll
0x000002272aa20000 - 0x000002272aa23000 	C:\Users\Danil\.openjfx\cache\20+19\amd64\api-ms-win-core-profile-l1-1-0.dll
0x000002272aa30000 - 0x000002272aa33000 	C:\Users\Danil\.openjfx\cache\20+19\amd64\api-ms-win-core-rtlsupport-l1-1-0.dll
0x000002272aa40000 - 0x000002272aa43000 	C:\Users\Danil\.openjfx\cache\20+19\amd64\api-ms-win-core-string-l1-1-0.dll
0x000002272aa50000 - 0x000002272aa53000 	C:\Users\Danil\.openjfx\cache\20+19\amd64\api-ms-win-core-synch-l1-1-0.dll
0x000002272aa60000 - 0x000002272aa63000 	C:\Users\Danil\.openjfx\cache\20+19\amd64\api-ms-win-core-synch-l1-2-0.dll
0x000002272aa70000 - 0x000002272aa73000 	C:\Users\Danil\.openjfx\cache\20+19\amd64\api-ms-win-core-sysinfo-l1-1-0.dll
0x000002272aa80000 - 0x000002272aa83000 	C:\Users\Danil\.openjfx\cache\20+19\amd64\api-ms-win-core-timezone-l1-1-0.dll
0x000002272aa90000 - 0x000002272aa93000 	C:\Users\Danil\.openjfx\cache\20+19\amd64\api-ms-win-core-util-l1-1-0.dll
0x000002272aaa0000 - 0x000002272aaa3000 	C:\Users\Danil\.openjfx\cache\20+19\amd64\api-ms-win-crt-conio-l1-1-0.dll
0x000002272aab0000 - 0x000002272aab4000 	C:\Users\Danil\.openjfx\cache\20+19\amd64\api-ms-win-crt-convert-l1-1-0.dll
0x000002272aac0000 - 0x000002272aac3000 	C:\Users\Danil\.openjfx\cache\20+19\amd64\api-ms-win-crt-environment-l1-1-0.dll
0x000002272aad0000 - 0x000002272aad3000 	C:\Users\Danil\.openjfx\cache\20+19\amd64\api-ms-win-crt-filesystem-l1-1-0.dll
0x000002272aae0000 - 0x000002272aae3000 	C:\Users\Danil\.openjfx\cache\20+19\amd64\api-ms-win-crt-heap-l1-1-0.dll
0x000002272aaf0000 - 0x000002272aaf3000 	C:\Users\Danil\.openjfx\cache\20+19\amd64\api-ms-win-crt-locale-l1-1-0.dll
0x000002272ab00000 - 0x000002272ab05000 	C:\Users\Danil\.openjfx\cache\20+19\amd64\api-ms-win-crt-math-l1-1-0.dll
0x000002272ab10000 - 0x000002272ab15000 	C:\Users\Danil\.openjfx\cache\20+19\amd64\api-ms-win-crt-multibyte-l1-1-0.dll
0x000002272ab20000 - 0x000002272ab30000 	C:\Users\Danil\.openjfx\cache\20+19\amd64\api-ms-win-crt-private-l1-1-0.dll
0x000002272ab30000 - 0x000002272ab33000 	C:\Users\Danil\.openjfx\cache\20+19\amd64\api-ms-win-crt-process-l1-1-0.dll
0x000002272ab40000 - 0x000002272ab44000 	C:\Users\Danil\.openjfx\cache\20+19\amd64\api-ms-win-crt-runtime-l1-1-0.dll
0x000002272ab50000 - 0x000002272ab54000 	C:\Users\Danil\.openjfx\cache\20+19\amd64\api-ms-win-crt-stdio-l1-1-0.dll
0x000002272ab60000 - 0x000002272ab64000 	C:\Users\Danil\.openjfx\cache\20+19\amd64\api-ms-win-crt-string-l1-1-0.dll
0x000002272ab70000 - 0x000002272ab73000 	C:\Users\Danil\.openjfx\cache\20+19\amd64\api-ms-win-crt-time-l1-1-0.dll
0x000002272ab80000 - 0x000002272ab83000 	C:\Users\Danil\.openjfx\cache\20+19\amd64\api-ms-win-crt-utility-l1-1-0.dll
0x00007fff0f6a0000 - 0x00007fff0f79c000 	C:\Users\Danil\.openjfx\cache\20+19\amd64\ucrtbase.dll
0x00007fff167d0000 - 0x00007fff167eb000 	C:\Users\Danil\.openjfx\cache\20+19\amd64\vcruntime140.dll
0x00007fff16830000 - 0x00007fff1683c000 	C:\Users\Danil\.openjfx\cache\20+19\amd64\vcruntime140_1.dll
0x00007fff0c7b0000 - 0x00007fff0c83e000 	C:\Users\Danil\.openjfx\cache\20+19\amd64\msvcp140.dll
0x00007fff108a0000 - 0x00007fff108a9000 	C:\Users\Danil\.openjfx\cache\20+19\amd64\msvcp140_1.dll
0x00007fff10870000 - 0x00007fff108a0000 	C:\Users\Danil\.openjfx\cache\20+19\amd64\msvcp140_2.dll
0x00007fff10820000 - 0x00007fff1084f000 	C:\Users\Danil\.openjfx\cache\20+19\amd64\prism_d3d.dll
0x00007ffedcad0000 - 0x00007ffedcc9d000 	C:\WINDOWS\system32\d3d9.dll
0x00007fff1a5a0000 - 0x00007fff1a5cf000 	C:\WINDOWS\SYSTEM32\dwmapi.dll
0x00007fff1a1e0000 - 0x00007fff1a27e000 	C:\WINDOWS\system32\uxtheme.dll
0x00007fff12840000 - 0x00007fff12a1b000 	C:\WINDOWS\System32\DriverStore\FileRepository\u0361436.inf_amd64_277fd16d1001ba12\B361368\aticfx64.dll
0x00007fff0f660000 - 0x00007fff0f693000 	C:\WINDOWS\System32\DriverStore\FileRepository\u0361436.inf_amd64_277fd16d1001ba12\B361368\atiu9p64.dll
0x00007ffeeeeb0000 - 0x00007ffeefb46000 	C:\WINDOWS\System32\DriverStore\FileRepository\u0361436.inf_amd64_277fd16d1001ba12\B361368\atiumd64.dll
0x00007fff1ea10000 - 0x00007fff1eb3a000 	C:\WINDOWS\System32\ole32.dll
0x0000000059010000 - 0x0000000059e8e000 	C:\WINDOWS\System32\DriverStore\FileRepository\u0361436.inf_amd64_277fd16d1001ba12\B361368\atiumd6a.dll
0x00007fff1d000000 - 0x00007fff1d027000 	C:\WINDOWS\System32\bcrypt.dll
0x00007fff1c660000 - 0x00007fff1c6ab000 	C:\WINDOWS\SYSTEM32\POWRPROF.dll
0x00007fff1c640000 - 0x00007fff1c652000 	C:\WINDOWS\SYSTEM32\UMPDC.dll
0x00007fff10c20000 - 0x00007fff10c4f000 	C:\WINDOWS\SYSTEM32\amdihk64.dll
0x00007fff08ec0000 - 0x00007fff08f02000 	C:\Users\Danil\.openjfx\cache\20+19\amd64\glass.dll
0x00007fff1ee00000 - 0x00007fff1eeda000 	C:\WINDOWS\System32\COMDLG32.dll
0x00007fff1d670000 - 0x00007fff1d73d000 	C:\WINDOWS\System32\OLEAUT32.dll
0x00007fff1eee0000 - 0x00007fff1eff4000 	C:\WINDOWS\System32\MSCTF.dll
0x00007fff12fb0000 - 0x00007fff12feb000 	C:\WINDOWS\SYSTEM32\dxcore.dll
0x00007fff1c910000 - 0x00007fff1c95e000 	C:\WINDOWS\System32\cfgmgr32.dll
0x00007fff0ed00000 - 0x00007fff0ed14000 	C:\Users\Danil\.openjfx\cache\20+19\amd64\javafx_font.dll
0x00007ffeffa70000 - 0x00007ffeffcef000 	C:\WINDOWS\SYSTEM32\dwrite.dll
0x00007fff1db40000 - 0x00007fff1dbe9000 	C:\WINDOWS\System32\clbcatq.dll
0x00007fff175e0000 - 0x00007fff17794000 	C:\WINDOWS\SYSTEM32\WindowsCodecs.dll
0x00007ffefe350000 - 0x00007ffefe38e000 	C:\WINDOWS\system32\dataexchange.dll
0x00007fff19540000 - 0x00007fff19723000 	C:\WINDOWS\system32\dcomp.dll
0x00007fff18a60000 - 0x00007fff18cc3000 	C:\WINDOWS\system32\d3d11.dll
0x00007fff1b0b0000 - 0x00007fff1b1a3000 	C:\WINDOWS\system32\dxgi.dll
0x00007fff17880000 - 0x00007fff17a80000 	C:\WINDOWS\system32\twinapi.appcore.dll
0x00007fff06120000 - 0x00007fff06154000 	C:\Program Files\Common Files\Microsoft Shared\Ink\rtscom.dll
0x00007fff08bc0000 - 0x00007fff08cba000 	C:\WINDOWS\SYSTEM32\textinputframework.dll
0x00007fff19ab0000 - 0x00007fff19e0e000 	C:\WINDOWS\System32\CoreUIComponents.dll
0x00007fff19e10000 - 0x00007fff19f02000 	C:\WINDOWS\System32\CoreMessaging.dll
0x00007fff1b910000 - 0x00007fff1b943000 	C:\WINDOWS\SYSTEM32\ntmarta.dll
0x00007fff193e0000 - 0x00007fff19534000 	C:\WINDOWS\SYSTEM32\wintypes.dll
0x00007fff1bc00000 - 0x00007fff1bccb000 	C:\WINDOWS\SYSTEM32\DNSAPI.dll

dbghelp: loaded successfully - version: 4.0.5 - missing functions: none
symbol engine: initialized successfully - sym options: 0x614 - pdb path: .;C:\Program Files\Java\jdk-20\bin;C:\WINDOWS\SYSTEM32;C:\WINDOWS\WinSxS\amd64_microsoft.windows.common-controls_6595b64144ccf1df_6.0.19041.1110_none_60b5254171f9507e;C:\Program Files\Java\jdk-20\bin\server;C:\Program Files\JetBrains\IntelliJ IDEA 2023.1.2\bin;C:\Users\Danil\.openjfx\cache\20+19\amd64;C:\WINDOWS\System32\DriverStore\FileRepository\u0361436.inf_amd64_277fd16d1001ba12\B361368;C:\Program Files\Common Files\Microsoft Shared\Ink;C:\Program Files\National Instruments\Shared\mDNS Responder;C:\WINDOWS\WinSxS\amd64_microsoft.vc90.crt_1fc8b3b9a1e18e3b_9.0.30729.9625_none_08e1c10da83fbc83

VM Arguments:
jvm_args: -javaagent:C:\Program Files\JetBrains\IntelliJ IDEA 2023.1.2\lib\idea_rt.jar=51269:C:\Program Files\JetBrains\IntelliJ IDEA 2023.1.2\bin -Dfile.encoding=UTF-8 -Dsun.stdout.encoding=UTF-8 -Dsun.stderr.encoding=UTF-8 --module-path=C:\Users\Danil\.m2\repository\org\openjfx\javafx-controls\20\javafx-controls-20-win.jar;C:\Users\Danil\.m2\repository\org\openjfx\javafx-base\20\javafx-base-20-win.jar;C:\Users\Danil\IdeaProjects\Java_OOp_kursova\target\classes;C:\Users\Danil\.m2\repository\org\openjfx\javafx-fxml\20\javafx-fxml-20-win.jar;C:\Users\Danil\.m2\repository\org\openjfx\javafx-graphics\20\javafx-graphics-20-win.jar -Djdk.module.main=com.example.java_oop_kursova 
java_command: com.example.java_oop_kursova/com.example.java_oop_kursova.HelloApplication
java_class_path (initial): C:\Users\Danil\.m2\repository\org\openjfx\javafx-controls\20\javafx-controls-20.jar;C:\Users\Danil\.m2\repository\org\openjfx\javafx-graphics\20\javafx-graphics-20.jar;C:\Users\Danil\.m2\repository\org\openjfx\javafx-base\20\javafx-base-20.jar;C:\Users\Danil\.m2\repository\org\openjfx\javafx-fxml\20\javafx-fxml-20.jar;C:\Program Files (x86)\MySQL\Connector J 8.0\mysql-connector-j-8.0.33.jar;C:\Users\Danil\Desktop\mysql-connector-j-8.0.33\mysql-connector-j-8.0.33.jar
Launcher Type: SUN_STANDARD

[Global flags]
     intx CICompilerCount                          = 3                                         {product} {ergonomic}
     uint ConcGCThreads                            = 1                                         {product} {ergonomic}
     uint G1ConcRefinementThreads                  = 4                                         {product} {ergonomic}
   size_t G1HeapRegionSize                         = 1048576                                   {product} {ergonomic}
    uintx GCDrainStackTargetSize                   = 64                                        {product} {ergonomic}
   size_t InitialHeapSize                          = 123731968                                 {product} {ergonomic}
   size_t MarkStackSize                            = 4194304                                   {product} {ergonomic}
   size_t MaxHeapSize                              = 1977614336                                {product} {ergonomic}
   size_t MaxNewSize                               = 1185939456                                {product} {ergonomic}
   size_t MinHeapDeltaBytes                        = 1048576                                   {product} {ergonomic}
   size_t MinHeapSize                              = 8388608                                   {product} {ergonomic}
    uintx NonNMethodCodeHeapSize                   = 5832780                                {pd product} {ergonomic}
    uintx NonProfiledCodeHeapSize                  = 122912730                              {pd product} {ergonomic}
    uintx ProfiledCodeHeapSize                     = 122912730                              {pd product} {ergonomic}
    uintx ReservedCodeCacheSize                    = 251658240                              {pd product} {ergonomic}
     bool SegmentedCodeCache                       = true                                      {product} {ergonomic}
   size_t SoftMaxHeapSize                          = 1977614336                             {manageable} {ergonomic}
     bool UseCompressedClassPointers               = true                           {product lp64_product} {ergonomic}
     bool UseCompressedOops                        = true                           {product lp64_product} {ergonomic}
     bool UseG1GC                                  = true                                      {product} {ergonomic}
     bool UseLargePagesIndividualAllocation        = false                                  {pd product} {ergonomic}

Logging:
Log output configuration:
 #0: stdout all=off uptime,level,tags foldmultilines=false
 #1: stderr all=off uptime,level,tags foldmultilines=false

Environment Variables:
PATH=C:\Program Files\Common Files\Oracle\Java\javapath;C:\Program Files (x86)\Common Files\Oracle\Java\javapath;C:\ProgramData\Oracle\Java\javapath;C:\Program Files (x86)\Common Files\Intel\Shared Libraries\redist\intel64\compiler;C:\Program Files (x86)\NVIDIA Corporation\PhysX\Common;C:\WINDOWS\system32;C:\WINDOWS;C:\WINDOWS\System32\Wbem;C:\WINDOWS\System32\WindowsPowerShell\v1.0\;C:\WINDOWS\System32\OpenSSH\;C:\Program Files\Microsoft SQL Server\150\Tools\Binn\;C:\Program Files\Microsoft SQL Server\Client SDK\ODBC\170\Tools\Binn\;C:\Program Files\dotnet\;C:\Program Files\Git\cmd;C:\Users\Danil\AppData\Local\Programs\Python\Python311\Scripts\;C:\Users\Danil\AppData\Local\Programs\Python\Python311\;C:\Users\Danil\AppData\Local\Microsoft\WindowsApps;C:\Users\Danil\.dotnet\tools
USERNAME=Danil
OS=Windows_NT
PROCESSOR_IDENTIFIER=AMD64 Family 23 Model 96 Stepping 1, AuthenticAMD
TMP=C:\Users\Danil\AppData\Local\Temp
TEMP=C:\Users\Danil\AppData\Local\Temp




---------------  S Y S T E M  ---------------

OS:
 Windows 10 , 64 bit Build 19041 (10.0.19041.2913)
OS uptime: 0 days 6:10 hours

CPU: total 4 (initial active 4) (4 cores per cpu, 1 threads per core) family 23 model 96 stepping 1 microcode 0x0, cx8, cmov, fxsr, mmx, 3dnowpref, sse, sse2, sse3, ssse3, sse4a, sse4.1, sse4.2, popcnt, lzcnt, tsc, tscinvbit, avx, avx2, aes, clmul, bmi1, bmi2, adx, sha, fma, vzeroupper, clflush, clflushopt, rdtscp, rdpid, f16c

Memory: 4k page, system-wide physical 7543M (1217M free)
TotalPageFile size 18295M (AvailPageFile size 8334M)
current process WorkingSet (physical memory assigned to process): 137M, peak: 165M
current process commit charge ("private bytes"): 205M, peak: 279M

vm_info: Java HotSpot(TM) 64-Bit Server VM (20.0.1+9-29) for windows-amd64 JRE (20.0.1+9-29), built on 2023-03-07T13:56:11Z by "mach5one" with MS VC++ 17.1 (VS2022)

END.
